<?xml version="1.0" encoding="UTF-8"?>
<!-- Generated by org.testng.reporters.JUnitReportReporter -->
<testsuite hostname="NamiChandra" failures="0" tests="1" name="script.InvalidLogin" time="26.118" errors="0" timestamp="2022-05-13T07:52:23 IST" skipped="0">
  <testcase classname="script.InvalidLogin" name="testInvalidLogin" time="26.118"/>
  <system-out/>
</testsuite> <!-- script.InvalidLogin -->
