<?xml version="1.0" encoding="UTF-8"?>
<!-- Generated by org.testng.reporters.JUnitReportReporter -->
<testsuite hostname="NamiChandra" failures="0" tests="6" name="script.Demo2" time="164.354" errors="0" timestamp="2022-05-10T08:31:49 IST" skipped="0">
  <testcase classname="script.Demo2" name="test2" time="19.041"/>
  <system-out>
    <![CDATA[Facebook – log in or sign up
A2
B2]]>
  </system-out>
  <testcase classname="script.Demo2" name="test2" time="22.099"/>
  <system-out>
    <![CDATA[Facebook – log in or sign up
A3
B3]]>
  </system-out>
  <testcase classname="script.Demo2" name="test2" time="36.563"/>
  <system-out>
    <![CDATA[Google
A2
B2]]>
  </system-out>
  <testcase classname="script.Demo2" name="test2" time="25.550"/>
  <system-out>
    <![CDATA[Facebook – log in or sign up
A1
B1]]>
  </system-out>
  <testcase classname="script.Demo2" name="test2" time="28.146"/>
  <system-out>
    <![CDATA[Google
A3
B3]]>
  </system-out>
  <testcase classname="script.Demo2" name="test2" time="32.955"/>
  <system-out>
    <![CDATA[Google
A1
B1]]>
  </system-out>
</testsuite> <!-- script.Demo2 -->
