<?xml version="1.0" encoding="UTF-8"?>
<!-- Generated by org.testng.reporters.JUnitReportReporter -->
<testsuite hostname="NamiChandra" failures="0" tests="2" name="script.Demo4" time="4.261" errors="0" timestamp="2022-05-10T09:26:52 IST" skipped="0">
  <testcase classname="script.Demo4" name="test_report" time="2.125"/>
  <system-out/>
  <testcase classname="script.Demo4" name="test_report" time="2.136"/>
  <system-out/>
</testsuite> <!-- script.Demo4 -->
