<?xml version="1.0" encoding="UTF-8"?>
<!-- Generated by org.testng.reporters.JUnitReportReporter -->
<testsuite hostname="NamiChandra" failures="0" tests="6" name="script.Demo3" time="174.492" errors="0" timestamp="2022-05-10T08:31:49 IST" skipped="0">
  <testcase classname="script.Demo3" name="test3" time="36.261"/>
  <system-out>
    <![CDATA[A4]]>
  </system-out>
  <testcase classname="script.Demo3" name="test3" time="40.672"/>
  <system-out>
    <![CDATA[A3

C3]]>
  </system-out>
  <testcase classname="script.Demo3" name="test3" time="21.186"/>
  <system-out>
    <![CDATA[A3

C3]]>
  </system-out>
  <testcase classname="script.Demo3" name="test3" time="14.768"/>
  <system-out>
    <![CDATA[A4]]>
  </system-out>
  <testcase classname="script.Demo3" name="test3" time="23.135"/>
  <system-out>
    <![CDATA[A2
B2]]>
  </system-out>
  <testcase classname="script.Demo3" name="test3" time="38.470"/>
  <system-out>
    <![CDATA[A2
B2]]>
  </system-out>
</testsuite> <!-- script.Demo3 -->
