<?xml version="1.0" encoding="UTF-8"?>
<!-- Generated by org.testng.reporters.JUnitReportReporter -->
<testsuite hostname="NamiChandra" failures="0" tests="1" name="script.ValidLogin" time="23.569" errors="0" timestamp="2022-05-12T09:13:03 IST" skipped="0">
  <testcase classname="script.ValidLogin" name="testValidLogin" time="23.569"/>
  <system-out/>
</testsuite> <!-- script.ValidLogin -->
